# JRE version: Java(TM) SE Runtime Environment (11.0.1+13) (build 11.0.1+13-LTS)
# Java VM: Java HotSpot(TM) 64-Bit Server VM (11.0.1+13-LTS, mixed mode, tiered, compressed oops, g1 gc, windows-amd64)
Heap:
 garbage-first heap   total 206848K, used 20792K [0x0000000082200000, 0x0000000100000000)
  region size 1024K, 8 young (8192K), 8 survivors (8192K)
 Metaspace       used 58693K, capacity 60054K, committed 60160K, reserved 1101824K
  class space    used 7521K, capacity 8095K, committed 8192K, reserved 1048576K
GC Heap History (10 events):
Event: 5.546 GC heap after
{Heap after GC invocations=7 (full 0):
 garbage-first heap   total 129024K, used 9965K [0x0000000082200000, 0x0000000100000000)
  region size 1024K, 4 young (4096K), 4 survivors (4096K)
 Metaspace       used 26576K, capacity 27174K, committed 27392K, reserved 1073152K
  class space    used 3093K, capacity 3324K, committed 3328K, reserved 1048576K
}
Event: 7.955 GC heap before
{Heap before GC invocations=7 (full 0):
 garbage-first heap   total 129024K, used 68333K [0x0000000082200000, 0x0000000100000000)
  region size 1024K, 62 young (63488K), 4 survivors (4096K)
 Metaspace       used 29991K, capacity 30739K, committed 30976K, reserved 1077248K
  class space    used 3487K, capacity 3796K, committed 3840K, reserved 1048576K
}
Event: 8.001 GC heap after
{Heap after GC invocations=8 (full 0):
 garbage-first heap   total 155648K, used 11407K [0x0000000082200000, 0x0000000100000000)
  region size 1024K, 6 young (6144K), 6 survivors (6144K)
 Metaspace       used 29991K, capacity 30739K, committed 30976K, reserved 1077248K
  class space    used 3487K, capacity 3796K, committed 3840K, reserved 1048576K
}
Event: 10.318 GC heap before
{Heap before GC invocations=8 (full 0):
 garbage-first heap   total 155648K, used 44175K [0x0000000082200000, 0x0000000100000000)
  region size 1024K, 39 young (39936K), 6 survivors (6144K)
 Metaspace       used 34834K, capacity 35808K, committed 35840K, reserved 1081344K
  class space    used 4171K, capacity 4580K, committed 4608K, reserved 1048576K
}
Event: 10.376 GC heap after
{Heap after GC invocations=9 (full 0):
 garbage-first heap   total 155648K, used 13654K [0x0000000082200000, 0x0000000100000000)
  region size 1024K, 8 young (8192K), 8 survivors (8192K)
 Metaspace       used 34834K, capacity 35808K, committed 35840K, reserved 1081344K
  class space    used 4171K, capacity 4580K, committed 4608K, reserved 1048576K
}
Event: 12.238 GC heap before
{Heap before GC invocations=10 (full 0):
 garbage-first heap   total 155648K, used 85334K [0x0000000082200000, 0x0000000100000000)
  region size 1024K, 79 young (80896K), 8 survivors (8192K)
 Metaspace       used 37178K, capacity 38296K, committed 38400K, reserved 1083392K
  class space    used 4412K, capacity 4854K, committed 4864K, reserved 1048576K
}
Event: 12.284 GC heap after
{Heap after GC invocations=11 (full 0):
 garbage-first heap   total 155648K, used 14522K [0x0000000082200000, 0x0000000100000000)
  region size 1024K, 6 young (6144K), 6 survivors (6144K)
 Metaspace       used 37178K, capacity 38296K, committed 38400K, reserved 1083392K
  class space    used 4412K, capacity 4854K, committed 4864K, reserved 1048576K
}
Event: 17.584 GC heap before
{Heap before GC invocations=11 (full 0):
 garbage-first heap   total 155648K, used 100538K [0x0000000082200000, 0x0000000100000000)
  region size 1024K, 91 young (93184K), 6 survivors (6144K)
 Metaspace       used 50925K, capacity 52086K, committed 52224K, reserved 1095680K
  class space    used 6361K, capacity 6834K, committed 6912K, reserved 1048576K
}
Event: 17.607 GC heap after
{Heap after GC invocations=12 (full 0):
 garbage-first heap   total 155648K, used 18264K [0x0000000082200000, 0x0000000100000000)
  region size 1024K, 10 young (10240K), 10 survivors (10240K)
 Metaspace       used 50925K, capacity 52086K, committed 52224K, reserved 1095680K
  class space    used 6361K, capacity 6834K, committed 6912K, reserved 1048576K
}
Event: 20.701 GC heap before
{Heap before GC invocations=12 (full 0):
 garbage-first heap   total 155648K, used 74584K [0x0000000082200000, 0x0000000100000000)
  region size 1024K, 66 young (67584K), 10 survivors (10240K)
 Metaspace       used 58693K, capacity 60054K, committed 60160K, reserved 1101824K
  class space    used 7521K, capacity 8095K, committed 8192K, reserved 1048576K
}

