# JRE version: Java(TM) SE Runtime Environment (11.0.1+13) (build 11.0.1+13-LTS)
# Java VM: Java HotSpot(TM) 64-Bit Server VM (11.0.1+13-LTS, mixed mode, tiered, compressed oops, g1 gc, windows-amd64)
Heap:
 garbage-first heap   total 129024K, used 8118K [0x0000000082200000, 0x0000000100000000)
  region size 1024K, 5 young (5120K), 5 survivors (5120K)
 Metaspace       used 20765K, capacity 21112K, committed 21296K, reserved 1071104K
  class space    used 2233K, capacity 2358K, committed 2432K, reserved 1048576K
GC Heap History (6 events):
Event: 1.758 GC heap before
{Heap before GC invocations=0 (full 0):
 garbage-first heap   total 129024K, used 14336K [0x0000000082200000, 0x0000000100000000)
  region size 1024K, 14 young (14336K), 0 survivors (0K)
 Metaspace       used 11378K, capacity 11618K, committed 11776K, reserved 1060864K
  class space    used 1072K, capacity 1173K, committed 1280K, reserved 1048576K
}
Event: 1.765 GC heap after
{Heap after GC invocations=1 (full 0):
 garbage-first heap   total 129024K, used 3419K [0x0000000082200000, 0x0000000100000000)
  region size 1024K, 2 young (2048K), 2 survivors (2048K)
 Metaspace       used 11378K, capacity 11618K, committed 11776K, reserved 1060864K
  class space    used 1072K, capacity 1173K, committed 1280K, reserved 1048576K
}
Event: 1.955 GC heap before
{Heap before GC invocations=1 (full 0):
 garbage-first heap   total 129024K, used 8539K [0x0000000082200000, 0x0000000100000000)
  region size 1024K, 7 young (7168K), 2 survivors (2048K)
 Metaspace       used 12528K, capacity 12866K, committed 13184K, reserved 1060864K
  class space    used 1224K, capacity 1333K, committed 1408K, reserved 1048576K
}
Event: 1.959 GC heap after
{Heap after GC invocations=2 (full 0):
 garbage-first heap   total 129024K, used 3953K [0x0000000082200000, 0x0000000100000000)
  region size 1024K, 1 young (1024K), 1 survivors (1024K)
 Metaspace       used 12528K, capacity 12866K, committed 13184K, reserved 1060864K
  class space    used 1224K, capacity 1333K, committed 1408K, reserved 1048576K
}
Event: 2.553 GC heap before
{Heap before GC invocations=2 (full 0):
 garbage-first heap   total 129024K, used 26481K [0x0000000082200000, 0x0000000100000000)
  region size 1024K, 23 young (23552K), 1 survivors (1024K)
 Metaspace       used 15058K, capacity 15432K, committed 15488K, reserved 1062912K
  class space    used 1539K, capacity 1630K, committed 1664K, reserved 1048576K
}
Event: 2.584 GC heap after
{Heap after GC invocations=3 (full 0):
 garbage-first heap   total 129024K, used 4601K [0x0000000082200000, 0x0000000100000000)
  region size 1024K, 1 young (1024K), 1 survivors (1024K)
 Metaspace       used 15058K, capacity 15432K, committed 15488K, reserved 1062912K
  class space    used 1539K, capacity 1630K, committed 1664K, reserved 1048576K
}

