# JRE version: Java(TM) SE Runtime Environment (11.0.1+13) (build 11.0.1+13-LTS)
# Java VM: Java HotSpot(TM) 64-Bit Server VM (11.0.1+13-LTS, mixed mode, tiered, compressed oops, g1 gc, windows-amd64)
Heap:
 garbage-first heap   total 155648K, used 44052K [0x0000000082200000, 0x0000000100000000)
  region size 1024K, 27 young (27648K), 6 survivors (6144K)
 Metaspace       used 62373K, capacity 63901K, committed 64000K, reserved 1103872K
  class space    used 8008K, capacity 8619K, committed 8704K, reserved 1048576K
GC Heap History (10 events):
Event: 12.223 GC heap before
{Heap before GC invocations=8 (full 0):
 garbage-first heap   total 129024K, used 32374K [0x0000000082200000, 0x0000000100000000)
  region size 1024K, 27 young (27648K), 7 survivors (7168K)
 Metaspace       used 34868K, capacity 35707K, committed 35840K, reserved 1081344K
  class space    used 4157K, capacity 4520K, committed 4608K, reserved 1048576K
}
Event: 12.255 GC heap after
{Heap after GC invocations=9 (full 0):
 garbage-first heap   total 129024K, used 14553K [0x0000000082200000, 0x0000000100000000)
  region size 1024K, 6 young (6144K), 6 survivors (6144K)
 Metaspace       used 34868K, capacity 35707K, committed 35840K, reserved 1081344K
  class space    used 4157K, capacity 4520K, committed 4608K, reserved 1048576K
}
Event: 13.848 GC heap before
{Heap before GC invocations=10 (full 0):
 garbage-first heap   total 129024K, used 84185K [0x0000000082200000, 0x0000000100000000)
  region size 1024K, 75 young (76800K), 6 survivors (6144K)
 Metaspace       used 37781K, capacity 38724K, committed 39040K, reserved 1083392K
  class space    used 4510K, capacity 4906K, committed 4992K, reserved 1048576K
}
Event: 13.865 GC heap after
{Heap after GC invocations=11 (full 0):
 garbage-first heap   total 155648K, used 15952K [0x0000000082200000, 0x0000000100000000)
  region size 1024K, 7 young (7168K), 7 survivors (7168K)
 Metaspace       used 37781K, capacity 38724K, committed 39040K, reserved 1083392K
  class space    used 4510K, capacity 4906K, committed 4992K, reserved 1048576K
}
Event: 15.885 GC heap before
{Heap before GC invocations=11 (full 0):
 garbage-first heap   total 155648K, used 100944K [0x0000000082200000, 0x0000000100000000)
  region size 1024K, 91 young (93184K), 7 survivors (7168K)
 Metaspace       used 44589K, capacity 45696K, committed 45824K, reserved 1089536K
  class space    used 5328K, capacity 5780K, committed 5888K, reserved 1048576K
}
Event: 15.907 GC heap after
{Heap after GC invocations=12 (full 0):
 garbage-first heap   total 155648K, used 18432K [0x0000000082200000, 0x0000000100000000)
  region size 1024K, 8 young (8192K), 8 survivors (8192K)
 Metaspace       used 44589K, capacity 45696K, committed 45824K, reserved 1089536K
  class space    used 5328K, capacity 5780K, committed 5888K, reserved 1048576K
}
Event: 21.834 GC heap before
{Heap before GC invocations=12 (full 0):
 garbage-first heap   total 155648K, used 103424K [0x0000000082200000, 0x0000000100000000)
  region size 1024K, 91 young (93184K), 8 survivors (8192K)
 Metaspace       used 57018K, capacity 58358K, committed 58496K, reserved 1099776K
  class space    used 7162K, capacity 7693K, committed 7808K, reserved 1048576K
}
Event: 21.866 GC heap after
{Heap after GC invocations=13 (full 0):
 garbage-first heap   total 155648K, used 23249K [0x0000000082200000, 0x0000000100000000)
  region size 1024K, 11 young (11264K), 11 survivors (11264K)
 Metaspace       used 57018K, capacity 58358K, committed 58496K, reserved 1099776K
  class space    used 7162K, capacity 7693K, committed 7808K, reserved 1048576K
}
Event: 22.893 GC heap before
{Heap before GC invocations=13 (full 0):
 garbage-first heap   total 155648K, used 36561K [0x0000000082200000, 0x0000000100000000)
  region size 1024K, 25 young (25600K), 11 survivors (11264K)
 Metaspace       used 58812K, capacity 60079K, committed 60160K, reserved 1101824K
  class space    used 7501K, capacity 8025K, committed 8064K, reserved 1048576K
}
Event: 22.922 GC heap after
{Heap after GC invocations=14 (full 0):
 garbage-first heap   total 155648K, used 23572K [0x0000000082200000, 0x0000000100000000)
  region size 1024K, 6 young (6144K), 6 survivors (6144K)
 Metaspace       used 58812K, capacity 60079K, committed 60160K, reserved 1101824K
  class space    used 7501K, capacity 8025K, committed 8064K, reserved 1048576K
}

